<?xml version="1.0" encoding="UTF-8"?>
<!-- Generated by org.testng.reporters.JUnitReportReporter -->
<testsuite hostname="SONALI-DESKTOP" name="com.aircanada.testCases.SearchFlightTest" tests="3" failures="0" timestamp="14 Mar 2022 01:47:22 GMT" time="22.712" errors="0">
  <testcase name="verify_displayed_tabs" time="0.343" classname="com.aircanada.testCases.SearchFlightTest"/>
  <testcase name="verify_Dept_date" time="11.092" classname="com.aircanada.testCases.SearchFlightTest"/>
  <testcase name="book_flight_roundTrip" time="11.277" classname="com.aircanada.testCases.SearchFlightTest"/>
</testsuite> <!-- com.aircanada.testCases.SearchFlightTest -->
