<?xml version="1.0" encoding="UTF-8"?>
<!-- Generated by org.testng.reporters.JUnitReportReporter -->
<testsuite hostname="SONALI-DESKTOP" name="com.aircanada.testCases.SearchFlightTest" tests="3" failures="0" timestamp="14 Mar 2022 01:38:06 GMT" time="23.913" errors="0">
  <testcase name="book_flight_roundTrip" time="18.197" classname="com.aircanada.testCases.SearchFlightTest"/>
  <testcase name="verify_displayed_tabs" time="0.536" classname="com.aircanada.testCases.SearchFlightTest"/>
  <testcase name="verify_Dept_date" time="5.180" classname="com.aircanada.testCases.SearchFlightTest"/>
</testsuite> <!-- com.aircanada.testCases.SearchFlightTest -->
