<?xml version="1.0" encoding="UTF-8"?>
<!-- Generated by org.testng.reporters.JUnitReportReporter -->
<testsuite hostname="SONALI-DESKTOP" name="com.aircanada.testCases.SearchFlightTest" tests="3" failures="0" timestamp="13 Mar 2022 22:29:29 GMT" time="22.613" errors="0">
  <testcase name="verify_Dept_date" time="10.517" classname="com.aircanada.testCases.SearchFlightTest"/>
  <testcase name="verify_displayed_tabs" time="0.297" classname="com.aircanada.testCases.SearchFlightTest"/>
  <testcase name="book_flight_roundTrip" time="11.799" classname="com.aircanada.testCases.SearchFlightTest"/>
</testsuite> <!-- com.aircanada.testCases.SearchFlightTest -->
