<?xml version="1.0" encoding="UTF-8"?>
<!-- Generated by org.testng.reporters.JUnitReportReporter -->
<testsuite skipped="0" hostname="SONALI-DESKTOP" name="com.aircanada.testCases.SearchFlightTest" tests="3" failures="0" timestamp="2022-03-13T15:37:05 PDT" time="21.598" errors="0">
  <testcase name="book_flight_roundTrip" time="10.920" classname="com.aircanada.testCases.SearchFlightTest"/>
  <system-out/>
  <testcase name="verify_Dept_date" time="10.115" classname="com.aircanada.testCases.SearchFlightTest"/>
  <system-out/>
  <testcase name="verify_displayed_tabs" time="0.563" classname="com.aircanada.testCases.SearchFlightTest"/>
  <system-out/>
</testsuite> <!-- com.aircanada.testCases.SearchFlightTest -->
