<?xml version="1.0" encoding="UTF-8"?>
<!-- Generated by org.testng.reporters.JUnitReportReporter -->
<testsuite hostname="SONALI-DESKTOP" failures="0" tests="3" name="com.aircanada.testCases.SearchFlightTest" time="22.225" errors="0" timestamp="2022-03-13T17:54:26 PDT" skipped="0">
  <testcase classname="com.aircanada.testCases.SearchFlightTest" name="book_flight_roundTrip" time="11.724"/>
  <system-out/>
  <testcase classname="com.aircanada.testCases.SearchFlightTest" name="verify_Dept_date" time="10.195"/>
  <system-out/>
  <testcase classname="com.aircanada.testCases.SearchFlightTest" name="verify_displayed_tabs" time="0.306"/>
  <system-out/>
</testsuite> <!-- com.aircanada.testCases.SearchFlightTest -->
